[debug] [2025-04-06T16:33:12.166Z] ----------------------------------------------------------------------
[debug] [2025-04-06T16:33:12.173Z] Command:       /nix/store/ixbb20farqh1f4fqbmsn6b1ixn8mc8ij-nodejs-20.18.1/bin/node /nix/store/b9a1wqzb1vkh5xd2mrp196csvbgv8j13-firebase-tools-14.0.1/lib/node_modules/firebase-tools/lib/bin/firebase.js init
[debug] [2025-04-06T16:33:12.174Z] CLI Version:   14.0.1
[debug] [2025-04-06T16:33:12.175Z] Platform:      linux
[debug] [2025-04-06T16:33:12.175Z] Node Version:  v20.18.1
[debug] [2025-04-06T16:33:12.175Z] Time:          Sun Apr 06 2025 16:33:12 GMT+0000 (Coordinated Universal Time)
[debug] [2025-04-06T16:33:12.176Z] ----------------------------------------------------------------------
[debug] 
[debug] [2025-04-06T16:33:12.188Z] > command requires scopes: ["email","openid","https://www.googleapis.com/auth/cloudplatformprojects.readonly","https://www.googleapis.com/auth/firebase","https://www.googleapis.com/auth/cloud-platform"]
[debug] [2025-04-06T16:33:12.191Z] > authorizing via signed-in user (rohansuryavanshi0017@gmail.com)
[info] 
     ######## #### ########  ######## ########     ###     ######  ########
     ##        ##  ##     ## ##       ##     ##  ##   ##  ##       ##
     ######    ##  ########  ######   ########  #########  ######  ######
     ##        ##  ##    ##  ##       ##     ## ##     ##       ## ##
     ##       #### ##     ## ######## ########  ##     ##  ######  ########

You're about to initialize a Firebase project in this directory:

  /home/user/lictr

[info] 
=== Project Setup
[info] 
[info] First, let's associate this project directory with a Firebase project.
[info] You can create multiple project aliases by running firebase use --add, 
[info] but for now we'll just set up a default project.
[info] 
[debug] [2025-04-06T16:35:45.185Z] No OAuth tokens found
[debug] [2025-04-06T16:35:45.186Z] No OAuth tokens found
[debug] [2025-04-06T16:35:45.189Z] > command requires scopes: ["email","openid","https://www.googleapis.com/auth/cloudplatformprojects.readonly","https://www.googleapis.com/auth/firebase","https://www.googleapis.com/auth/cloud-platform"]
[debug] [2025-04-06T16:35:45.189Z] > authorizing via signed-in user (rohansuryavanshi0017@gmail.com)
[debug] [2025-04-06T16:35:45.206Z] >>> [apiv2][query] GET https://firebase.googleapis.com/v1beta1/projects pageSize=100
[debug] [2025-04-06T16:35:45.973Z] <<< [apiv2][status] GET https://firebase.googleapis.com/v1beta1/projects 200
[debug] [2025-04-06T16:35:45.973Z] <<< [apiv2][body] GET https://firebase.googleapis.com/v1beta1/projects [omitted]
[info] i  Using project lictr-62e53 (LICTR) 
[info] 
=== Dataconnect Setup
[debug] [2025-04-06T16:35:47.523Z] No OAuth tokens found
[debug] [2025-04-06T16:35:47.528Z] No OAuth tokens found
[debug] [2025-04-06T16:35:47.528Z] > command requires scopes: ["email","openid","https://www.googleapis.com/auth/cloudplatformprojects.readonly","https://www.googleapis.com/auth/firebase","https://www.googleapis.com/auth/cloud-platform"]
[debug] [2025-04-06T16:35:47.528Z] > authorizing via signed-in user (rohansuryavanshi0017@gmail.com)
[debug] [2025-04-06T16:35:47.529Z] >>> [apiv2][query] GET https://cloudbilling.googleapis.com/v1/projects/lictr-62e53/billingInfo [none]
[debug] [2025-04-06T16:35:48.612Z] <<< [apiv2][status] GET https://cloudbilling.googleapis.com/v1/projects/lictr-62e53/billingInfo 200
[debug] [2025-04-06T16:35:48.612Z] <<< [apiv2][body] GET https://cloudbilling.googleapis.com/v1/projects/lictr-62e53/billingInfo {"name":"projects/lictr-62e53/billingInfo","projectId":"lictr-62e53","billingAccountName":"","billingEnabled":false}
[info] i  dataconnect: ensuring required API sqladmin.googleapis.com is enabled... 
[debug] [2025-04-06T16:35:48.617Z] No OAuth tokens found
[debug] [2025-04-06T16:35:48.617Z] No OAuth tokens found
[debug] [2025-04-06T16:35:48.626Z] > command requires scopes: ["email","openid","https://www.googleapis.com/auth/cloudplatformprojects.readonly","https://www.googleapis.com/auth/firebase","https://www.googleapis.com/auth/cloud-platform"]
[debug] [2025-04-06T16:35:48.626Z] > authorizing via signed-in user (rohansuryavanshi0017@gmail.com)
[debug] [2025-04-06T16:35:48.626Z] >>> [apiv2][query] GET https://serviceusage.googleapis.com/v1/projects/lictr-62e53/services/sqladmin.googleapis.com [none]
[debug] [2025-04-06T16:35:48.627Z] >>> [apiv2][(partial)header] GET https://serviceusage.googleapis.com/v1/projects/lictr-62e53/services/sqladmin.googleapis.com x-goog-quota-user=projects/lictr-62e53
[debug] [2025-04-06T16:35:49.757Z] <<< [apiv2][status] GET https://serviceusage.googleapis.com/v1/projects/lictr-62e53/services/sqladmin.googleapis.com 200
[debug] [2025-04-06T16:35:49.757Z] <<< [apiv2][body] GET https://serviceusage.googleapis.com/v1/projects/lictr-62e53/services/sqladmin.googleapis.com [omitted]
[info] ✔  dataconnect: required API sqladmin.googleapis.com is enabled 
[info] i  dataconnect/dataconnect.yaml is unchanged 
[info] i  dataconnect/schema/schema.gql is unchanged 
[info] ✔  Wrote dataconnect/connector/connector.yaml 
[info] i  dataconnect/connector/queries.gql is unchanged 
[info] i  dataconnect/connector/mutations.gql is unchanged 
[info] ✔  Detected WEB app in directory /home/user/lictr 
[info] i  Detected react app. Enabling react generated SDKs. 
[info] i  Writing your new SDK configuration to /home/user/lictr/dataconnect/connector/connector.yaml 
[info] ✔  Wrote dataconnect/connector/connector.yaml 
[warn] ⚠  dataconnect: Application Default Credentials detected. Non-emulated services will access production using these credentials. Be careful! {"metadata":{"emulator":{"name":"dataconnect"},"message":"Application Default Credentials detected. Non-emulated services will access production using these credentials. Be careful!"}}
[info] I0406 16:36:05.386217   25499 codegen.go:82] [connector "default" javascriptSdk] Generating sources into "/home/user/lictr/dataconnect-generated/js/default-connector"
I0406 16:36:05.417275   25499 generate.go:40] Generated all sources. Writing them to disk...
I0406 16:36:05.441230   25499 collector.go:107] connector "default" javascriptSdk wrote into "/home/user/lictr/dataconnect-generated/js/default-connector"
Generated sources: angular/package.json [661B] angular/index.cjs.js [1B] package.json [1110B] README.md [2774B] react/esm/package.json [17B] react/README.md [5417B] index.d.ts [246B] index.cjs.js [143B] react/esm/index.esm.js [0B] react/package.json [468B] react/index.cjs.js [0B] angular/index.d.ts [0B] angular/esm/package.json [17B] esm/index.esm.js [108B] esm/package.json [17B] react/index.d.ts [228B] angular/esm/index.esm.js [0B] 
I0406 16:36:05.446746   25499 installsdk.go:80] Running command: pnpm link ./dataconnect-generated/js/default-connector
E0406 16:36:05.446856   25499 installsdk.go:82] Failed to install package: exec: "pnpm": executable file not found in $PATH

[info] i  Generated SDK code for default 
[info] i  Visit https://firebase.google.com/docs/data-connect/web-sdk#react for more information on how to set up React Generated SDKs for Firebase Data Connect 
[info] i  Run `npm i --save @angular/fire @tanstack-query-firebase/angular @tanstack/angular-query-experimental` to install angular sdk dependencies.
Visit https://github.com/invertase/tanstack-query-firebase/tree/main/packages/angular for more information on how to set up Angular Generated SDKs for Firebase Data Connect 
[info] ✔  If you'd like to add more generated SDKs to your app your later, run firebase init dataconnect:sdk again 
[info] i  If you'd like to provision a CloudSQL Postgres instance on the Firebase Data Connect no-cost trial:
1. Please upgrade to the pay-as-you-go (Blaze) billing plan. Visit the following page:
     https://console.firebase.google.com/project/lictr-62e53/usage/details
2. Run firebase init dataconnect again to configure the Cloud SQL instance.
3. Run firebase deploy --only dataconnect to deploy your Data Connect service. 
[info] 
=== Firestore Setup
[debug] [2025-04-06T16:36:05.489Z] No OAuth tokens found
[debug] [2025-04-06T16:36:05.490Z] No OAuth tokens found
[debug] [2025-04-06T16:36:05.490Z] > command requires scopes: ["email","openid","https://www.googleapis.com/auth/cloudplatformprojects.readonly","https://www.googleapis.com/auth/firebase","https://www.googleapis.com/auth/cloud-platform"]
[debug] [2025-04-06T16:36:05.493Z] > authorizing via signed-in user (rohansuryavanshi0017@gmail.com)
[debug] [2025-04-06T16:36:05.493Z] >>> [apiv2][query] GET https://serviceusage.googleapis.com/v1/projects/lictr-62e53/services/firestore.googleapis.com [none]
[debug] [2025-04-06T16:36:05.494Z] >>> [apiv2][(partial)header] GET https://serviceusage.googleapis.com/v1/projects/lictr-62e53/services/firestore.googleapis.com x-goog-quota-user=projects/lictr-62e53
[debug] [2025-04-06T16:36:06.599Z] <<< [apiv2][status] GET https://serviceusage.googleapis.com/v1/projects/lictr-62e53/services/firestore.googleapis.com 200
[debug] [2025-04-06T16:36:06.599Z] <<< [apiv2][body] GET https://serviceusage.googleapis.com/v1/projects/lictr-62e53/services/firestore.googleapis.com [omitted]
[debug] [2025-04-06T16:36:06.602Z] No OAuth tokens found
[debug] [2025-04-06T16:36:06.602Z] No OAuth tokens found
[debug] [2025-04-06T16:36:06.604Z] > command requires scopes: ["email","openid","https://www.googleapis.com/auth/cloudplatformprojects.readonly","https://www.googleapis.com/auth/firebase","https://www.googleapis.com/auth/cloud-platform"]
[debug] [2025-04-06T16:36:06.604Z] > authorizing via signed-in user (rohansuryavanshi0017@gmail.com)
[debug] [2025-04-06T16:36:06.604Z] >>> [apiv2][query] GET https://firestore.googleapis.com/v1/projects/lictr-62e53/databases/(default) [none]
[debug] [2025-04-06T16:36:07.379Z] <<< [apiv2][status] GET https://firestore.googleapis.com/v1/projects/lictr-62e53/databases/(default) 200
[debug] [2025-04-06T16:36:07.381Z] <<< [apiv2][body] GET https://firestore.googleapis.com/v1/projects/lictr-62e53/databases/(default) {"name":"projects/lictr-62e53/databases/(default)","uid":"1086833f-0b49-4e0c-8f93-ecdd4f10594b","createTime":"2025-04-06T15:18:42.923430Z","updateTime":"2025-04-06T15:18:42.923430Z","locationId":"asia-south1","type":"FIRESTORE_NATIVE","concurrencyMode":"PESSIMISTIC","versionRetentionPeriod":"3600s","earliestVersionTime":"2025-04-06T15:36:07.321119Z","appEngineIntegrationMode":"DISABLED","keyPrefix":"j","pointInTimeRecoveryEnablement":"POINT_IN_TIME_RECOVERY_DISABLED","deleteProtectionState":"DELETE_PROTECTION_DISABLED","databaseEdition":"STANDARD","freeTier":true,"etag":"IMjfh7vrw4wDMKjJycvaw4wD"}
[debug] [2025-04-06T16:36:07.382Z] database_type: FIRESTORE_NATIVE
[debug] [2025-04-06T16:36:07.382Z] database_type: FIRESTORE_NATIVE
[debug] [2025-04-06T16:36:07.382Z] > command requires scopes: ["email","openid","https://www.googleapis.com/auth/cloudplatformprojects.readonly","https://www.googleapis.com/auth/firebase","https://www.googleapis.com/auth/cloud-platform"]
[debug] [2025-04-06T16:36:07.386Z] > authorizing via signed-in user (rohansuryavanshi0017@gmail.com)
[debug] [2025-04-06T16:36:07.387Z] [iam] checking project lictr-62e53 for permissions ["firebase.projects.get"]
[debug] [2025-04-06T16:36:07.392Z] No OAuth tokens found
[debug] [2025-04-06T16:36:07.394Z] No OAuth tokens found
[debug] [2025-04-06T16:36:07.395Z] > command requires scopes: ["email","openid","https://www.googleapis.com/auth/cloudplatformprojects.readonly","https://www.googleapis.com/auth/firebase","https://www.googleapis.com/auth/cloud-platform"]
[debug] [2025-04-06T16:36:07.395Z] > authorizing via signed-in user (rohansuryavanshi0017@gmail.com)
[debug] [2025-04-06T16:36:07.396Z] >>> [apiv2][query] POST https://cloudresourcemanager.googleapis.com/v1/projects/lictr-62e53:testIamPermissions [none]
[debug] [2025-04-06T16:36:07.396Z] >>> [apiv2][(partial)header] POST https://cloudresourcemanager.googleapis.com/v1/projects/lictr-62e53:testIamPermissions x-goog-quota-user=projects/lictr-62e53
[debug] [2025-04-06T16:36:07.396Z] >>> [apiv2][body] POST https://cloudresourcemanager.googleapis.com/v1/projects/lictr-62e53:testIamPermissions {"permissions":["firebase.projects.get"]}
[debug] [2025-04-06T16:36:08.176Z] <<< [apiv2][status] POST https://cloudresourcemanager.googleapis.com/v1/projects/lictr-62e53:testIamPermissions 200
[debug] [2025-04-06T16:36:08.180Z] <<< [apiv2][body] POST https://cloudresourcemanager.googleapis.com/v1/projects/lictr-62e53:testIamPermissions {"permissions":["firebase.projects.get"]}
[info] 
[info] Firestore Security Rules allow you to define how and when to allow
[info] requests. You can keep these rules in your project directory
[info] and publish them with firebase deploy.
[info] 
[debug] [2025-04-06T16:36:10.346Z] No OAuth tokens found
[debug] [2025-04-06T16:36:10.351Z] No OAuth tokens found
[debug] [2025-04-06T16:36:10.352Z] > command requires scopes: ["email","openid","https://www.googleapis.com/auth/cloudplatformprojects.readonly","https://www.googleapis.com/auth/firebase","https://www.googleapis.com/auth/cloud-platform"]
[debug] [2025-04-06T16:36:10.352Z] > authorizing via signed-in user (rohansuryavanshi0017@gmail.com)
[debug] [2025-04-06T16:36:10.352Z] >>> [apiv2][query] GET https://firebaserules.googleapis.com/v1/projects/lictr-62e53/releases pageSize=10&pageToken=
[debug] [2025-04-06T16:36:11.379Z] <<< [apiv2][status] GET https://firebaserules.googleapis.com/v1/projects/lictr-62e53/releases 200
[debug] [2025-04-06T16:36:11.379Z] <<< [apiv2][body] GET https://firebaserules.googleapis.com/v1/projects/lictr-62e53/releases {"releases":[{"name":"projects/lictr-62e53/releases/cloud.firestore","rulesetName":"projects/lictr-62e53/rulesets/b710b1a0-a04a-4ad4-9729-e541f9e8a4b1","createTime":"2025-04-06T15:18:52.086789Z","updateTime":"2025-04-06T15:18:52.086789Z"}]}
[debug] [2025-04-06T16:36:11.379Z] Found ruleset: projects/lictr-62e53/rulesets/b710b1a0-a04a-4ad4-9729-e541f9e8a4b1
[debug] [2025-04-06T16:36:11.380Z] No OAuth tokens found
[debug] [2025-04-06T16:36:11.380Z] No OAuth tokens found
[debug] [2025-04-06T16:36:11.380Z] > command requires scopes: ["email","openid","https://www.googleapis.com/auth/cloudplatformprojects.readonly","https://www.googleapis.com/auth/firebase","https://www.googleapis.com/auth/cloud-platform"]
[debug] [2025-04-06T16:36:11.381Z] > authorizing via signed-in user (rohansuryavanshi0017@gmail.com)
[debug] [2025-04-06T16:36:11.381Z] >>> [apiv2][query] GET https://firebaserules.googleapis.com/v1/projects/lictr-62e53/rulesets/b710b1a0-a04a-4ad4-9729-e541f9e8a4b1 [none]
[debug] [2025-04-06T16:36:12.363Z] <<< [apiv2][status] GET https://firebaserules.googleapis.com/v1/projects/lictr-62e53/rulesets/b710b1a0-a04a-4ad4-9729-e541f9e8a4b1 200
[debug] [2025-04-06T16:36:12.367Z] <<< [apiv2][body] GET https://firebaserules.googleapis.com/v1/projects/lictr-62e53/rulesets/b710b1a0-a04a-4ad4-9729-e541f9e8a4b1 [omitted]
[info] 
[info] Firestore indexes allow you to perform complex queries while
[info] maintaining performance that scales with the size of the result
[info] set. You can keep index definitions in your project directory
[info] and publish them with firebase deploy.
[info] 
[debug] [2025-04-06T16:36:14.289Z] No OAuth tokens found
[debug] [2025-04-06T16:36:14.297Z] No OAuth tokens found
[debug] [2025-04-06T16:36:14.297Z] > command requires scopes: ["email","openid","https://www.googleapis.com/auth/cloudplatformprojects.readonly","https://www.googleapis.com/auth/firebase","https://www.googleapis.com/auth/cloud-platform"]
[debug] [2025-04-06T16:36:14.298Z] > authorizing via signed-in user (rohansuryavanshi0017@gmail.com)
[debug] [2025-04-06T16:36:14.302Z] No OAuth tokens found
[debug] [2025-04-06T16:36:14.302Z] No OAuth tokens found
[debug] [2025-04-06T16:36:14.302Z] > command requires scopes: ["email","openid","https://www.googleapis.com/auth/cloudplatformprojects.readonly","https://www.googleapis.com/auth/firebase","https://www.googleapis.com/auth/cloud-platform"]
[debug] [2025-04-06T16:36:14.307Z] > authorizing via signed-in user (rohansuryavanshi0017@gmail.com)
[debug] [2025-04-06T16:36:14.308Z] >>> [apiv2][query] GET https://firestore.googleapis.com/v1/projects/lictr-62e53/databases/(default)/collectionGroups/-/indexes [none]
[debug] [2025-04-06T16:36:14.332Z] >>> [apiv2][query] GET https://firestore.googleapis.com/v1/projects/lictr-62e53/databases/(default)/collectionGroups/-/fields?filter=indexConfig.usesAncestorConfig=false OR ttlConfig:* [none]
[debug] [2025-04-06T16:36:15.174Z] <<< [apiv2][status] GET https://firestore.googleapis.com/v1/projects/lictr-62e53/databases/(default)/collectionGroups/-/fields?filter=indexConfig.usesAncestorConfig=false OR ttlConfig:* 200
[debug] [2025-04-06T16:36:15.176Z] <<< [apiv2][body] GET https://firestore.googleapis.com/v1/projects/lictr-62e53/databases/(default)/collectionGroups/-/fields?filter=indexConfig.usesAncestorConfig=false OR ttlConfig:* {"fields":[{"name":"projects/lictr-62e53/databases/(default)/collectionGroups/__default__/fields/*","indexConfig":{"indexes":[{"queryScope":"COLLECTION","fields":[{"fieldPath":"*","order":"ASCENDING"}],"state":"READY"},{"queryScope":"COLLECTION","fields":[{"fieldPath":"*","order":"DESCENDING"}],"state":"READY"},{"queryScope":"COLLECTION","fields":[{"fieldPath":"*","arrayConfig":"CONTAINS"}],"state":"READY"}]}}]}
[debug] [2025-04-06T16:36:15.181Z] <<< [apiv2][status] GET https://firestore.googleapis.com/v1/projects/lictr-62e53/databases/(default)/collectionGroups/-/indexes 200
[debug] [2025-04-06T16:36:15.182Z] <<< [apiv2][body] GET https://firestore.googleapis.com/v1/projects/lictr-62e53/databases/(default)/collectionGroups/-/indexes {}
[info] 
=== Genkit Setup
[debug] [2025-04-06T16:36:19.382Z] > command requires scopes: ["email","openid","https://www.googleapis.com/auth/cloudplatformprojects.readonly","https://www.googleapis.com/auth/firebase","https://www.googleapis.com/auth/cloud-platform"]
[debug] [2025-04-06T16:36:19.384Z] > authorizing via signed-in user (rohansuryavanshi0017@gmail.com)
[debug] [2025-04-06T16:36:19.384Z] [iam] checking project lictr-62e53 for permissions ["firebase.projects.get"]
[debug] [2025-04-06T16:36:19.392Z] No OAuth tokens found
[debug] [2025-04-06T16:36:19.393Z] No OAuth tokens found
[debug] [2025-04-06T16:36:19.393Z] > command requires scopes: ["email","openid","https://www.googleapis.com/auth/cloudplatformprojects.readonly","https://www.googleapis.com/auth/firebase","https://www.googleapis.com/auth/cloud-platform"]
[debug] [2025-04-06T16:36:19.393Z] > authorizing via signed-in user (rohansuryavanshi0017@gmail.com)
[debug] [2025-04-06T16:36:19.393Z] >>> [apiv2][query] POST https://cloudresourcemanager.googleapis.com/v1/projects/lictr-62e53:testIamPermissions [none]
[debug] [2025-04-06T16:36:19.399Z] >>> [apiv2][(partial)header] POST https://cloudresourcemanager.googleapis.com/v1/projects/lictr-62e53:testIamPermissions x-goog-quota-user=projects/lictr-62e53
[debug] [2025-04-06T16:36:19.399Z] >>> [apiv2][body] POST https://cloudresourcemanager.googleapis.com/v1/projects/lictr-62e53:testIamPermissions {"permissions":["firebase.projects.get"]}
[debug] [2025-04-06T16:36:20.220Z] <<< [apiv2][status] POST https://cloudresourcemanager.googleapis.com/v1/projects/lictr-62e53:testIamPermissions 200
[debug] [2025-04-06T16:36:20.234Z] <<< [apiv2][body] POST https://cloudresourcemanager.googleapis.com/v1/projects/lictr-62e53:testIamPermissions {"permissions":["firebase.projects.get"]}
[debug] [2025-04-06T16:36:20.247Z] No OAuth tokens found
[debug] [2025-04-06T16:36:20.248Z] No OAuth tokens found
[debug] [2025-04-06T16:36:20.248Z] > command requires scopes: ["email","openid","https://www.googleapis.com/auth/cloudplatformprojects.readonly","https://www.googleapis.com/auth/firebase","https://www.googleapis.com/auth/cloud-platform"]
[debug] [2025-04-06T16:36:20.248Z] > authorizing via signed-in user (rohansuryavanshi0017@gmail.com)
[debug] [2025-04-06T16:36:20.255Z] No OAuth tokens found
[debug] [2025-04-06T16:36:20.255Z] No OAuth tokens found
[debug] [2025-04-06T16:36:20.263Z] > command requires scopes: ["email","openid","https://www.googleapis.com/auth/cloudplatformprojects.readonly","https://www.googleapis.com/auth/firebase","https://www.googleapis.com/auth/cloud-platform"]
[debug] [2025-04-06T16:36:20.264Z] > authorizing via signed-in user (rohansuryavanshi0017@gmail.com)
[debug] [2025-04-06T16:36:20.270Z] >>> [apiv2][query] GET https://serviceusage.googleapis.com/v1/projects/lictr-62e53/services/cloudfunctions.googleapis.com [none]
[debug] [2025-04-06T16:36:20.271Z] >>> [apiv2][(partial)header] GET https://serviceusage.googleapis.com/v1/projects/lictr-62e53/services/cloudfunctions.googleapis.com x-goog-quota-user=projects/lictr-62e53
[debug] [2025-04-06T16:36:20.275Z] >>> [apiv2][query] GET https://serviceusage.googleapis.com/v1/projects/lictr-62e53/services/runtimeconfig.googleapis.com [none]
[debug] [2025-04-06T16:36:20.275Z] >>> [apiv2][(partial)header] GET https://serviceusage.googleapis.com/v1/projects/lictr-62e53/services/runtimeconfig.googleapis.com x-goog-quota-user=projects/lictr-62e53
[debug] [2025-04-06T16:36:21.392Z] <<< [apiv2][status] GET https://serviceusage.googleapis.com/v1/projects/lictr-62e53/services/runtimeconfig.googleapis.com 200
[debug] [2025-04-06T16:36:21.392Z] <<< [apiv2][body] GET https://serviceusage.googleapis.com/v1/projects/lictr-62e53/services/runtimeconfig.googleapis.com [omitted]
[debug] [2025-04-06T16:36:21.454Z] <<< [apiv2][status] GET https://serviceusage.googleapis.com/v1/projects/lictr-62e53/services/cloudfunctions.googleapis.com 200
[debug] [2025-04-06T16:36:21.454Z] <<< [apiv2][body] GET https://serviceusage.googleapis.com/v1/projects/lictr-62e53/services/cloudfunctions.googleapis.com [omitted]
[info] Let's create a new codebase for your functions.
[info] A directory corresponding to the codebase will be created in your project
[info] with sample code pre-configured.

[info] See https://firebase.google.com/docs/functions/organize-functions for
[info] more information on organizing your functions using codebases.

[info] Functions can be deployed with firebase deploy.

[info] i  functions/package.json is unchanged 
[info] i  functions/.eslintrc.js is unchanged 
[info] i  functions/tsconfig.json is unchanged 
[info] i  functions/tsconfig.dev.json is unchanged 
[info] i  functions/src/index.ts is unchanged 
[info] i  functions/.gitignore is unchanged 
[info] 
[info] i  genkit: Installing Genkit CLI version 1.5.0
 
[info] i  genkit: Installing NPM packages for genkit 
[info] ✔  genkit: Successfully installed NPM packages 
[info] i  genkit: Updating tsconfig.json 
[info] ✔  genkit: Successfully updated tsconfig.json 
[info] i  genkit: Updating package.json 
[info] ✔  genkit: Successfully updated package.json 
[info] i  genkit: Generating sample file 
[info] ✔  genkit: Successfully generated sample file (src/genkit-sample.ts) 
[info] 
Login to Google Cloud using:
[info]     gcloud auth application-default login --project undefined

[info] Then start the Genkit developer experience by running:
[info]     cd functions && npm run genkit:start
[info] 
=== Functions Setup
[debug] [2025-04-06T16:41:00.029Z] > command requires scopes: ["email","openid","https://www.googleapis.com/auth/cloudplatformprojects.readonly","https://www.googleapis.com/auth/firebase","https://www.googleapis.com/auth/cloud-platform"]
[debug] [2025-04-06T16:41:00.030Z] > authorizing via signed-in user (rohansuryavanshi0017@gmail.com)
[debug] [2025-04-06T16:41:00.030Z] [iam] checking project lictr-62e53 for permissions ["firebase.projects.get"]
[debug] [2025-04-06T16:41:00.030Z] No OAuth tokens found
[debug] [2025-04-06T16:41:00.030Z] No OAuth tokens found
[debug] [2025-04-06T16:41:00.030Z] > command requires scopes: ["email","openid","https://www.googleapis.com/auth/cloudplatformprojects.readonly","https://www.googleapis.com/auth/firebase","https://www.googleapis.com/auth/cloud-platform"]
[debug] [2025-04-06T16:41:00.040Z] > authorizing via signed-in user (rohansuryavanshi0017@gmail.com)
[debug] [2025-04-06T16:41:00.041Z] >>> [apiv2][query] POST https://cloudresourcemanager.googleapis.com/v1/projects/lictr-62e53:testIamPermissions [none]
[debug] [2025-04-06T16:41:00.041Z] >>> [apiv2][(partial)header] POST https://cloudresourcemanager.googleapis.com/v1/projects/lictr-62e53:testIamPermissions x-goog-quota-user=projects/lictr-62e53
[debug] [2025-04-06T16:41:00.041Z] >>> [apiv2][body] POST https://cloudresourcemanager.googleapis.com/v1/projects/lictr-62e53:testIamPermissions {"permissions":["firebase.projects.get"]}
[debug] [2025-04-06T16:41:00.886Z] <<< [apiv2][status] POST https://cloudresourcemanager.googleapis.com/v1/projects/lictr-62e53:testIamPermissions 200
[debug] [2025-04-06T16:41:00.886Z] <<< [apiv2][body] POST https://cloudresourcemanager.googleapis.com/v1/projects/lictr-62e53:testIamPermissions {"permissions":["firebase.projects.get"]}
[debug] [2025-04-06T16:41:00.887Z] No OAuth tokens found
[debug] [2025-04-06T16:41:00.888Z] No OAuth tokens found
[debug] [2025-04-06T16:41:00.888Z] > command requires scopes: ["email","openid","https://www.googleapis.com/auth/cloudplatformprojects.readonly","https://www.googleapis.com/auth/firebase","https://www.googleapis.com/auth/cloud-platform"]
[debug] [2025-04-06T16:41:00.888Z] > authorizing via signed-in user (rohansuryavanshi0017@gmail.com)
[debug] [2025-04-06T16:41:00.903Z] No OAuth tokens found
[debug] [2025-04-06T16:41:00.904Z] No OAuth tokens found
[debug] [2025-04-06T16:41:00.904Z] > command requires scopes: ["email","openid","https://www.googleapis.com/auth/cloudplatformprojects.readonly","https://www.googleapis.com/auth/firebase","https://www.googleapis.com/auth/cloud-platform"]
[debug] [2025-04-06T16:41:00.905Z] > authorizing via signed-in user (rohansuryavanshi0017@gmail.com)
[debug] [2025-04-06T16:41:00.905Z] >>> [apiv2][query] GET https://serviceusage.googleapis.com/v1/projects/lictr-62e53/services/cloudfunctions.googleapis.com [none]
[debug] [2025-04-06T16:41:00.905Z] >>> [apiv2][(partial)header] GET https://serviceusage.googleapis.com/v1/projects/lictr-62e53/services/cloudfunctions.googleapis.com x-goog-quota-user=projects/lictr-62e53
[debug] [2025-04-06T16:41:00.924Z] >>> [apiv2][query] GET https://serviceusage.googleapis.com/v1/projects/lictr-62e53/services/runtimeconfig.googleapis.com [none]
[debug] [2025-04-06T16:41:00.924Z] >>> [apiv2][(partial)header] GET https://serviceusage.googleapis.com/v1/projects/lictr-62e53/services/runtimeconfig.googleapis.com x-goog-quota-user=projects/lictr-62e53
[debug] [2025-04-06T16:41:02.044Z] <<< [apiv2][status] GET https://serviceusage.googleapis.com/v1/projects/lictr-62e53/services/runtimeconfig.googleapis.com 200
[debug] [2025-04-06T16:41:02.046Z] <<< [apiv2][body] GET https://serviceusage.googleapis.com/v1/projects/lictr-62e53/services/runtimeconfig.googleapis.com [omitted]
[debug] [2025-04-06T16:41:02.377Z] <<< [apiv2][status] GET https://serviceusage.googleapis.com/v1/projects/lictr-62e53/services/cloudfunctions.googleapis.com 200
[debug] [2025-04-06T16:41:02.377Z] <<< [apiv2][body] GET https://serviceusage.googleapis.com/v1/projects/lictr-62e53/services/cloudfunctions.googleapis.com [omitted]
[info] 
Detected existing codebase(s): default

[info] 
Overwriting codebase default...

[info] ✔  Wrote functions/package.json 
[info] i  functions/.eslintrc.js is unchanged 
[info] ✔  Wrote functions/tsconfig.json 
[info] i  functions/tsconfig.dev.json is unchanged 
[info] i  functions/src/index.ts is unchanged 
[info] i  functions/.gitignore is unchanged 
[info] 
=== Apphosting Setup
[debug] [2025-04-06T16:42:19.091Z] No OAuth tokens found
[debug] [2025-04-06T16:42:19.102Z] No OAuth tokens found
[debug] [2025-04-06T16:42:19.103Z] > command requires scopes: ["email","openid","https://www.googleapis.com/auth/cloudplatformprojects.readonly","https://www.googleapis.com/auth/firebase","https://www.googleapis.com/auth/cloud-platform"]
[debug] [2025-04-06T16:42:19.103Z] > authorizing via signed-in user (rohansuryavanshi0017@gmail.com)
[debug] [2025-04-06T16:42:19.103Z] >>> [apiv2][query] GET https://cloudbilling.googleapis.com/v1/projects/lictr-62e53/billingInfo [none]
[debug] [2025-04-06T16:42:20.288Z] <<< [apiv2][status] GET https://cloudbilling.googleapis.com/v1/projects/lictr-62e53/billingInfo 200
[debug] [2025-04-06T16:42:20.289Z] <<< [apiv2][body] GET https://cloudbilling.googleapis.com/v1/projects/lictr-62e53/billingInfo {"name":"projects/lictr-62e53/billingInfo","projectId":"lictr-62e53","billingAccountName":"","billingEnabled":false}
[info] i  Writing default settings to apphosting.yaml... 
[info] i  apphosting.yaml is unchanged 
[info] ✔  Create a new App Hosting backend with `firebase apphosting:backends:create` 
[info] 
=== Hosting Setup
[debug] [2025-04-06T16:42:20.310Z] No OAuth tokens found
[debug] [2025-04-06T16:42:20.315Z] No OAuth tokens found
[debug] [2025-04-06T16:42:20.317Z] > command requires scopes: ["email","openid","https://www.googleapis.com/auth/cloudplatformprojects.readonly","https://www.googleapis.com/auth/firebase","https://www.googleapis.com/auth/cloud-platform"]
[debug] [2025-04-06T16:42:20.318Z] > authorizing via signed-in user (rohansuryavanshi0017@gmail.com)
[debug] [2025-04-06T16:42:20.319Z] >>> [apiv2][query] GET https://firebase.googleapis.com/v1beta1/projects/lictr-62e53 [none]
[debug] [2025-04-06T16:42:20.613Z] <<< [apiv2][status] GET https://firebase.googleapis.com/v1beta1/projects/lictr-62e53 200
[debug] [2025-04-06T16:42:20.615Z] <<< [apiv2][body] GET https://firebase.googleapis.com/v1beta1/projects/lictr-62e53 {"projectId":"lictr-62e53","projectNumber":"339735798697","displayName":"LICTR","name":"projects/lictr-62e53","resources":{"hostingSite":"lictr-62e53"},"state":"ACTIVE","etag":"1_46d330ee-f198-41bb-b23c-2b66feccfb08"}
[info] 
[info] Your public directory is the folder (relative to your project directory) that
[info] will contain Hosting assets to be uploaded with firebase deploy. If you
[info] have a build process for your assets, use your build's output directory.
[info] 
[debug] [2025-04-06T16:42:26.823Z] >>> [apiv2][query] GET https://www.gstatic.com/firebasejs/releases.json [none]
[debug] [2025-04-06T16:42:26.901Z] <<< [apiv2][status] GET https://www.gstatic.com/firebasejs/releases.json 200
[debug] [2025-04-06T16:42:26.904Z] <<< [apiv2][body] GET https://www.gstatic.com/firebasejs/releases.json {"current":{"version":"11.6.0","browserURL":"https://www.gstatic.com/firebasejs/11.6.0/firebase.js","packageURL":"https://www.gstatic.com/firebasejs/11.6.0/firebase.tgz"},"live":{"version":"11.6","browserURL":"https://www.gstatic.com/firebasejs/live/11.6/firebase.js","packageURL":"https://www.gstatic.com/firebasejs/live/11.6/firebase.tgz"},"components":{"analytics":"https://www.gstatic.com/firebasejs/11.6.0/firebase-analytics.js","app":"https://www.gstatic.com/firebasejs/11.6.0/firebase-app.js","app-check":"https://www.gstatic.com/firebasejs/11.6.0/firebase-app-check.js","auth":"https://www.gstatic.com/firebasejs/11.6.0/firebase-auth.js","auth/cordova":"https://www.gstatic.com/firebasejs/11.6.0/firebase-auth/cordova.js","auth/web-extension":"https://www.gstatic.com/firebasejs/11.6.0/firebase-auth/web-extension.js","functions":"https://www.gstatic.com/firebasejs/11.6.0/firebase-functions.js","firestore":"https://www.gstatic.com/firebasejs/11.6.0/firebase-firestore.js","firestore/lite":"https://www.gstatic.com/firebasejs/11.6.0/firebase-firestore/lite.js","installations":"https://www.gstatic.com/firebasejs/11.6.0/firebase-installations.js","storage":"https://www.gstatic.com/firebasejs/11.6.0/firebase-storage.js","performance":"https://www.gstatic.com/firebasejs/11.6.0/firebase-performance.js","remote-config":"https://www.gstatic.com/firebasejs/11.6.0/firebase-remote-config.js","messaging":"https://www.gstatic.com/firebasejs/11.6.0/firebase-messaging.js","messaging/sw":"https://www.gstatic.com/firebasejs/11.6.0/firebase-messaging/sw.js","database":"https://www.gstatic.com/firebasejs/11.6.0/firebase-database.js","vertexai":"https://www.gstatic.com/firebasejs/11.6.0/firebase-vertexai.js","data-connect":"https://www.gstatic.com/firebasejs/11.6.0/firebase-data-connect.js","firestore.memory":"https://www.gstatic.com/firebasejs/11.6.0/firebase-firestore.memory.js"}}
[info] i  public/index.html is unchanged 
[info] 
[info] i  Detected a .git folder at /home/user/lictr 
[info] i  Authorizing with GitHub to upload your service account to a GitHub repository's secrets store. 
[info] 
[info] Visit this URL on this device to log in:
[info] https://github.com/login/oauth/authorize?client_id=89cf50f02ac6aaed3484&state=95408570&redirect_uri=http%3A%2F%2Flocalhost%3A9005&scope=read%3Auser%20repo%20public_repo
[info] 
[info] Waiting for authentication...
[debug] [2025-04-06T16:48:49.426Z] ----------------------------------------------------------------------
[debug] [2025-04-06T16:48:49.431Z] Command:       /nix/store/ixbb20farqh1f4fqbmsn6b1ixn8mc8ij-nodejs-20.18.1/bin/node /nix/store/b9a1wqzb1vkh5xd2mrp196csvbgv8j13-firebase-tools-14.0.1/lib/node_modules/firebase-tools/lib/bin/firebase.js init
[debug] [2025-04-06T16:48:49.433Z] CLI Version:   14.0.1
[debug] [2025-04-06T16:48:49.433Z] Platform:      linux
[debug] [2025-04-06T16:48:49.434Z] Node Version:  v20.18.1
[debug] [2025-04-06T16:48:49.434Z] Time:          Sun Apr 06 2025 16:48:49 GMT+0000 (Coordinated Universal Time)
[debug] [2025-04-06T16:48:49.435Z] ----------------------------------------------------------------------
[debug] 
[debug] [2025-04-06T16:48:49.450Z] > command requires scopes: ["email","openid","https://www.googleapis.com/auth/cloudplatformprojects.readonly","https://www.googleapis.com/auth/firebase","https://www.googleapis.com/auth/cloud-platform"]
[debug] [2025-04-06T16:48:49.451Z] > authorizing via signed-in user (rohansuryavanshi0017@gmail.com)
[info] 
     ######## #### ########  ######## ########     ###     ######  ########
     ##        ##  ##     ## ##       ##     ##  ##   ##  ##       ##
     ######    ##  ########  ######   ########  #########  ######  ######
     ##        ##  ##    ##  ##       ##     ## ##     ##       ## ##
     ##       #### ##     ## ######## ########  ##     ##  ######  ########

You're about to initialize a Firebase project in this directory:

  /home/user/lictr

[info] 
=== Project Setup
[info] 
[info] First, let's associate this project directory with a Firebase project.
[info] You can create multiple project aliases by running firebase use --add, 
[info] but for now we'll just set up a default project.
[info] 
[debug] [2025-04-06T16:49:31.970Z] No OAuth tokens found
[debug] [2025-04-06T16:49:31.971Z] No OAuth tokens found
[debug] [2025-04-06T16:49:31.972Z] > command requires scopes: ["email","openid","https://www.googleapis.com/auth/cloudplatformprojects.readonly","https://www.googleapis.com/auth/firebase","https://www.googleapis.com/auth/cloud-platform"]
[debug] [2025-04-06T16:49:31.972Z] > authorizing via signed-in user (rohansuryavanshi0017@gmail.com)
[debug] [2025-04-06T16:49:31.978Z] >>> [apiv2][query] GET https://firebase.googleapis.com/v1beta1/projects pageSize=100
[debug] [2025-04-06T16:49:32.714Z] <<< [apiv2][status] GET https://firebase.googleapis.com/v1beta1/projects 200
[debug] [2025-04-06T16:49:32.715Z] <<< [apiv2][body] GET https://firebase.googleapis.com/v1beta1/projects [omitted]
[info] i  Using project lictr-62e53 (LICTR) 
[info] 
=== Dataconnect Setup
[debug] [2025-04-06T16:49:34.431Z] No OAuth tokens found
[debug] [2025-04-06T16:49:34.432Z] No OAuth tokens found
[debug] [2025-04-06T16:49:34.432Z] > command requires scopes: ["email","openid","https://www.googleapis.com/auth/cloudplatformprojects.readonly","https://www.googleapis.com/auth/firebase","https://www.googleapis.com/auth/cloud-platform"]
[debug] [2025-04-06T16:49:34.434Z] > authorizing via signed-in user (rohansuryavanshi0017@gmail.com)
[debug] [2025-04-06T16:49:34.435Z] >>> [apiv2][query] GET https://cloudbilling.googleapis.com/v1/projects/lictr-62e53/billingInfo [none]
[debug] [2025-04-06T16:49:35.566Z] <<< [apiv2][status] GET https://cloudbilling.googleapis.com/v1/projects/lictr-62e53/billingInfo 200
[debug] [2025-04-06T16:49:35.566Z] <<< [apiv2][body] GET https://cloudbilling.googleapis.com/v1/projects/lictr-62e53/billingInfo {"name":"projects/lictr-62e53/billingInfo","projectId":"lictr-62e53","billingAccountName":"","billingEnabled":false}
[info] i  dataconnect: ensuring required API sqladmin.googleapis.com is enabled... 
[debug] [2025-04-06T16:49:35.575Z] No OAuth tokens found
[debug] [2025-04-06T16:49:35.575Z] No OAuth tokens found
[debug] [2025-04-06T16:49:35.582Z] > command requires scopes: ["email","openid","https://www.googleapis.com/auth/cloudplatformprojects.readonly","https://www.googleapis.com/auth/firebase","https://www.googleapis.com/auth/cloud-platform"]
[debug] [2025-04-06T16:49:35.582Z] > authorizing via signed-in user (rohansuryavanshi0017@gmail.com)
[debug] [2025-04-06T16:49:35.583Z] >>> [apiv2][query] GET https://serviceusage.googleapis.com/v1/projects/lictr-62e53/services/sqladmin.googleapis.com [none]
[debug] [2025-04-06T16:49:35.593Z] >>> [apiv2][(partial)header] GET https://serviceusage.googleapis.com/v1/projects/lictr-62e53/services/sqladmin.googleapis.com x-goog-quota-user=projects/lictr-62e53
[debug] [2025-04-06T16:49:36.781Z] <<< [apiv2][status] GET https://serviceusage.googleapis.com/v1/projects/lictr-62e53/services/sqladmin.googleapis.com 200
[debug] [2025-04-06T16:49:36.781Z] <<< [apiv2][body] GET https://serviceusage.googleapis.com/v1/projects/lictr-62e53/services/sqladmin.googleapis.com [omitted]
[info] ✔  dataconnect: required API sqladmin.googleapis.com is enabled 
[info] i  dataconnect/dataconnect.yaml is unchanged 
[info] i  dataconnect/schema/schema.gql is unchanged 
[info] ✔  Wrote dataconnect/connector/connector.yaml 
[info] i  dataconnect/connector/queries.gql is unchanged 
[info] i  dataconnect/connector/mutations.gql is unchanged 
[info] ✔  Detected WEB app in directory /home/user/lictr 
[info] i  Detected react app. Enabling react generated SDKs. 
[info] i  Writing your new SDK configuration to /home/user/lictr/dataconnect/connector/connector.yaml 
[info] ✔  Wrote dataconnect/connector/connector.yaml 
[warn] ⚠  dataconnect: Application Default Credentials detected. Non-emulated services will access production using these credentials. Be careful! {"metadata":{"emulator":{"name":"dataconnect"},"message":"Application Default Credentials detected. Non-emulated services will access production using these credentials. Be careful!"}}
[info] I0406 16:49:51.925965   29489 codegen.go:82] [connector "default" javascriptSdk] Generating sources into "/home/user/lictr/dataconnect-generated/js/default-connector"
I0406 16:49:52.013172   29489 generate.go:40] Generated all sources. Writing them to disk...
I0406 16:49:52.020592   29489 collector.go:107] connector "default" javascriptSdk wrote into "/home/user/lictr/dataconnect-generated/js/default-connector"
Generated sources: react/README.md [5417B] angular/package.json [661B] esm/index.esm.js [108B] index.cjs.js [143B] README.md [2774B] react/package.json [468B] package.json [1110B] react/index.d.ts [228B] react/index.cjs.js [0B] react/esm/index.esm.js [0B] angular/index.d.ts [0B] angular/index.cjs.js [1B] index.d.ts [246B] esm/package.json [17B] angular/esm/index.esm.js [0B] react/esm/package.json [17B] angular/esm/package.json [17B] 
I0406 16:49:52.021135   29489 installsdk.go:80] Running command: pnpm link ./dataconnect-generated/js/default-connector
E0406 16:49:52.023906   29489 installsdk.go:82] Failed to install package: exec: "pnpm": executable file not found in $PATH

[info] i  Generated SDK code for default 
[info] i  Visit https://firebase.google.com/docs/data-connect/web-sdk#react for more information on how to set up React Generated SDKs for Firebase Data Connect 
[info] i  Run `npm i --save @angular/fire @tanstack-query-firebase/angular @tanstack/angular-query-experimental` to install angular sdk dependencies.
Visit https://github.com/invertase/tanstack-query-firebase/tree/main/packages/angular for more information on how to set up Angular Generated SDKs for Firebase Data Connect 
[info] ✔  If you'd like to add more generated SDKs to your app your later, run firebase init dataconnect:sdk again 
[info] i  If you'd like to provision a CloudSQL Postgres instance on the Firebase Data Connect no-cost trial:
1. Please upgrade to the pay-as-you-go (Blaze) billing plan. Visit the following page:
     https://console.firebase.google.com/project/lictr-62e53/usage/details
2. Run firebase init dataconnect again to configure the Cloud SQL instance.
3. Run firebase deploy --only dataconnect to deploy your Data Connect service. 
[info] 
=== Firestore Setup
[debug] [2025-04-06T16:49:52.066Z] No OAuth tokens found
[debug] [2025-04-06T16:49:52.069Z] No OAuth tokens found
[debug] [2025-04-06T16:49:52.082Z] > command requires scopes: ["email","openid","https://www.googleapis.com/auth/cloudplatformprojects.readonly","https://www.googleapis.com/auth/firebase","https://www.googleapis.com/auth/cloud-platform"]
[debug] [2025-04-06T16:49:52.082Z] > authorizing via signed-in user (rohansuryavanshi0017@gmail.com)
[debug] [2025-04-06T16:49:52.085Z] >>> [apiv2][query] GET https://serviceusage.googleapis.com/v1/projects/lictr-62e53/services/firestore.googleapis.com [none]
[debug] [2025-04-06T16:49:52.090Z] >>> [apiv2][(partial)header] GET https://serviceusage.googleapis.com/v1/projects/lictr-62e53/services/firestore.googleapis.com x-goog-quota-user=projects/lictr-62e53
[debug] [2025-04-06T16:49:53.209Z] <<< [apiv2][status] GET https://serviceusage.googleapis.com/v1/projects/lictr-62e53/services/firestore.googleapis.com 200
[debug] [2025-04-06T16:49:53.210Z] <<< [apiv2][body] GET https://serviceusage.googleapis.com/v1/projects/lictr-62e53/services/firestore.googleapis.com [omitted]
[debug] [2025-04-06T16:49:53.224Z] No OAuth tokens found
[debug] [2025-04-06T16:49:53.224Z] No OAuth tokens found
[debug] [2025-04-06T16:49:53.224Z] > command requires scopes: ["email","openid","https://www.googleapis.com/auth/cloudplatformprojects.readonly","https://www.googleapis.com/auth/firebase","https://www.googleapis.com/auth/cloud-platform"]
[debug] [2025-04-06T16:49:53.225Z] > authorizing via signed-in user (rohansuryavanshi0017@gmail.com)
[debug] [2025-04-06T16:49:53.225Z] >>> [apiv2][query] GET https://firestore.googleapis.com/v1/projects/lictr-62e53/databases/(default) [none]
[debug] [2025-04-06T16:49:54.019Z] <<< [apiv2][status] GET https://firestore.googleapis.com/v1/projects/lictr-62e53/databases/(default) 200
[debug] [2025-04-06T16:49:54.022Z] <<< [apiv2][body] GET https://firestore.googleapis.com/v1/projects/lictr-62e53/databases/(default) {"name":"projects/lictr-62e53/databases/(default)","uid":"1086833f-0b49-4e0c-8f93-ecdd4f10594b","createTime":"2025-04-06T15:18:42.923430Z","updateTime":"2025-04-06T15:18:42.923430Z","locationId":"asia-south1","type":"FIRESTORE_NATIVE","concurrencyMode":"PESSIMISTIC","versionRetentionPeriod":"3600s","earliestVersionTime":"2025-04-06T15:49:53.945226Z","appEngineIntegrationMode":"DISABLED","keyPrefix":"j","pointInTimeRecoveryEnablement":"POINT_IN_TIME_RECOVERY_DISABLED","deleteProtectionState":"DELETE_PROTECTION_DISABLED","databaseEdition":"STANDARD","freeTier":true,"etag":"IMvvnMXuw4wDMKjJycvaw4wD"}
[debug] [2025-04-06T16:49:54.024Z] database_type: FIRESTORE_NATIVE
[debug] [2025-04-06T16:49:54.028Z] database_type: FIRESTORE_NATIVE
[debug] [2025-04-06T16:49:54.028Z] > command requires scopes: ["email","openid","https://www.googleapis.com/auth/cloudplatformprojects.readonly","https://www.googleapis.com/auth/firebase","https://www.googleapis.com/auth/cloud-platform"]
[debug] [2025-04-06T16:49:54.029Z] > authorizing via signed-in user (rohansuryavanshi0017@gmail.com)
[debug] [2025-04-06T16:49:54.029Z] [iam] checking project lictr-62e53 for permissions ["firebase.projects.get"]
[debug] [2025-04-06T16:49:54.034Z] No OAuth tokens found
[debug] [2025-04-06T16:49:54.035Z] No OAuth tokens found
[debug] [2025-04-06T16:49:54.037Z] > command requires scopes: ["email","openid","https://www.googleapis.com/auth/cloudplatformprojects.readonly","https://www.googleapis.com/auth/firebase","https://www.googleapis.com/auth/cloud-platform"]
[debug] [2025-04-06T16:49:54.039Z] > authorizing via signed-in user (rohansuryavanshi0017@gmail.com)
[debug] [2025-04-06T16:49:54.041Z] >>> [apiv2][query] POST https://cloudresourcemanager.googleapis.com/v1/projects/lictr-62e53:testIamPermissions [none]
[debug] [2025-04-06T16:49:54.042Z] >>> [apiv2][(partial)header] POST https://cloudresourcemanager.googleapis.com/v1/projects/lictr-62e53:testIamPermissions x-goog-quota-user=projects/lictr-62e53
[debug] [2025-04-06T16:49:54.043Z] >>> [apiv2][body] POST https://cloudresourcemanager.googleapis.com/v1/projects/lictr-62e53:testIamPermissions {"permissions":["firebase.projects.get"]}
[debug] [2025-04-06T16:49:54.842Z] <<< [apiv2][status] POST https://cloudresourcemanager.googleapis.com/v1/projects/lictr-62e53:testIamPermissions 200
[debug] [2025-04-06T16:49:54.843Z] <<< [apiv2][body] POST https://cloudresourcemanager.googleapis.com/v1/projects/lictr-62e53:testIamPermissions {"permissions":["firebase.projects.get"]}
[info] 
[info] Firestore Security Rules allow you to define how and when to allow
[info] requests. You can keep these rules in your project directory
[info] and publish them with firebase deploy.
[info] 
[debug] [2025-04-06T16:50:00.293Z] No OAuth tokens found
[debug] [2025-04-06T16:50:00.294Z] No OAuth tokens found
[debug] [2025-04-06T16:50:00.295Z] > command requires scopes: ["email","openid","https://www.googleapis.com/auth/cloudplatformprojects.readonly","https://www.googleapis.com/auth/firebase","https://www.googleapis.com/auth/cloud-platform"]
[debug] [2025-04-06T16:50:00.295Z] > authorizing via signed-in user (rohansuryavanshi0017@gmail.com)
[debug] [2025-04-06T16:50:00.304Z] >>> [apiv2][query] GET https://firebaserules.googleapis.com/v1/projects/lictr-62e53/releases pageSize=10&pageToken=
[debug] [2025-04-06T16:50:01.451Z] <<< [apiv2][status] GET https://firebaserules.googleapis.com/v1/projects/lictr-62e53/releases 200
[debug] [2025-04-06T16:50:01.459Z] <<< [apiv2][body] GET https://firebaserules.googleapis.com/v1/projects/lictr-62e53/releases {"releases":[{"name":"projects/lictr-62e53/releases/cloud.firestore","rulesetName":"projects/lictr-62e53/rulesets/b710b1a0-a04a-4ad4-9729-e541f9e8a4b1","createTime":"2025-04-06T15:18:52.086789Z","updateTime":"2025-04-06T15:18:52.086789Z"}]}
[debug] [2025-04-06T16:50:01.468Z] Found ruleset: projects/lictr-62e53/rulesets/b710b1a0-a04a-4ad4-9729-e541f9e8a4b1
[debug] [2025-04-06T16:50:01.475Z] No OAuth tokens found
[debug] [2025-04-06T16:50:01.475Z] No OAuth tokens found
[debug] [2025-04-06T16:50:01.475Z] > command requires scopes: ["email","openid","https://www.googleapis.com/auth/cloudplatformprojects.readonly","https://www.googleapis.com/auth/firebase","https://www.googleapis.com/auth/cloud-platform"]
[debug] [2025-04-06T16:50:01.476Z] > authorizing via signed-in user (rohansuryavanshi0017@gmail.com)
[debug] [2025-04-06T16:50:01.476Z] >>> [apiv2][query] GET https://firebaserules.googleapis.com/v1/projects/lictr-62e53/rulesets/b710b1a0-a04a-4ad4-9729-e541f9e8a4b1 [none]
[debug] [2025-04-06T16:50:02.469Z] <<< [apiv2][status] GET https://firebaserules.googleapis.com/v1/projects/lictr-62e53/rulesets/b710b1a0-a04a-4ad4-9729-e541f9e8a4b1 200
[debug] [2025-04-06T16:50:02.471Z] <<< [apiv2][body] GET https://firebaserules.googleapis.com/v1/projects/lictr-62e53/rulesets/b710b1a0-a04a-4ad4-9729-e541f9e8a4b1 [omitted]
[info] 
[info] Firestore indexes allow you to perform complex queries while
[info] maintaining performance that scales with the size of the result
[info] set. You can keep index definitions in your project directory
[info] and publish them with firebase deploy.
[info] 
[debug] [2025-04-06T16:50:07.220Z] No OAuth tokens found
[debug] [2025-04-06T16:50:07.223Z] No OAuth tokens found
[debug] [2025-04-06T16:50:07.224Z] > command requires scopes: ["email","openid","https://www.googleapis.com/auth/cloudplatformprojects.readonly","https://www.googleapis.com/auth/firebase","https://www.googleapis.com/auth/cloud-platform"]
[debug] [2025-04-06T16:50:07.226Z] > authorizing via signed-in user (rohansuryavanshi0017@gmail.com)
[debug] [2025-04-06T16:50:07.229Z] No OAuth tokens found
[debug] [2025-04-06T16:50:07.232Z] No OAuth tokens found
[debug] [2025-04-06T16:50:07.232Z] > command requires scopes: ["email","openid","https://www.googleapis.com/auth/cloudplatformprojects.readonly","https://www.googleapis.com/auth/firebase","https://www.googleapis.com/auth/cloud-platform"]
[debug] [2025-04-06T16:50:07.232Z] > authorizing via signed-in user (rohansuryavanshi0017@gmail.com)
[debug] [2025-04-06T16:50:07.235Z] >>> [apiv2][query] GET https://firestore.googleapis.com/v1/projects/lictr-62e53/databases/(default)/collectionGroups/-/indexes [none]
[debug] [2025-04-06T16:50:07.252Z] >>> [apiv2][query] GET https://firestore.googleapis.com/v1/projects/lictr-62e53/databases/(default)/collectionGroups/-/fields?filter=indexConfig.usesAncestorConfig=false OR ttlConfig:* [none]
[debug] [2025-04-06T16:50:08.031Z] <<< [apiv2][status] GET https://firestore.googleapis.com/v1/projects/lictr-62e53/databases/(default)/collectionGroups/-/fields?filter=indexConfig.usesAncestorConfig=false OR ttlConfig:* 200
[debug] [2025-04-06T16:50:08.034Z] <<< [apiv2][body] GET https://firestore.googleapis.com/v1/projects/lictr-62e53/databases/(default)/collectionGroups/-/fields?filter=indexConfig.usesAncestorConfig=false OR ttlConfig:* {"fields":[{"name":"projects/lictr-62e53/databases/(default)/collectionGroups/__default__/fields/*","indexConfig":{"indexes":[{"queryScope":"COLLECTION","fields":[{"fieldPath":"*","order":"ASCENDING"}],"state":"READY"},{"queryScope":"COLLECTION","fields":[{"fieldPath":"*","order":"DESCENDING"}],"state":"READY"},{"queryScope":"COLLECTION","fields":[{"fieldPath":"*","arrayConfig":"CONTAINS"}],"state":"READY"}]}}]}
[debug] [2025-04-06T16:50:08.084Z] <<< [apiv2][status] GET https://firestore.googleapis.com/v1/projects/lictr-62e53/databases/(default)/collectionGroups/-/indexes 200
[debug] [2025-04-06T16:50:08.085Z] <<< [apiv2][body] GET https://firestore.googleapis.com/v1/projects/lictr-62e53/databases/(default)/collectionGroups/-/indexes {}
[info] 
=== Genkit Setup
[debug] [2025-04-06T16:50:16.688Z] > command requires scopes: ["email","openid","https://www.googleapis.com/auth/cloudplatformprojects.readonly","https://www.googleapis.com/auth/firebase","https://www.googleapis.com/auth/cloud-platform"]
[debug] [2025-04-06T16:50:16.695Z] > authorizing via signed-in user (rohansuryavanshi0017@gmail.com)
[debug] [2025-04-06T16:50:16.699Z] [iam] checking project lictr-62e53 for permissions ["firebase.projects.get"]
[debug] [2025-04-06T16:50:16.706Z] No OAuth tokens found
[debug] [2025-04-06T16:50:16.710Z] No OAuth tokens found
[debug] [2025-04-06T16:50:16.712Z] > command requires scopes: ["email","openid","https://www.googleapis.com/auth/cloudplatformprojects.readonly","https://www.googleapis.com/auth/firebase","https://www.googleapis.com/auth/cloud-platform"]
[debug] [2025-04-06T16:50:16.714Z] > authorizing via signed-in user (rohansuryavanshi0017@gmail.com)
[debug] [2025-04-06T16:50:16.714Z] >>> [apiv2][query] POST https://cloudresourcemanager.googleapis.com/v1/projects/lictr-62e53:testIamPermissions [none]
[debug] [2025-04-06T16:50:16.714Z] >>> [apiv2][(partial)header] POST https://cloudresourcemanager.googleapis.com/v1/projects/lictr-62e53:testIamPermissions x-goog-quota-user=projects/lictr-62e53
[debug] [2025-04-06T16:50:16.717Z] >>> [apiv2][body] POST https://cloudresourcemanager.googleapis.com/v1/projects/lictr-62e53:testIamPermissions {"permissions":["firebase.projects.get"]}
[debug] [2025-04-06T16:50:17.518Z] <<< [apiv2][status] POST https://cloudresourcemanager.googleapis.com/v1/projects/lictr-62e53:testIamPermissions 200
[debug] [2025-04-06T16:50:17.518Z] <<< [apiv2][body] POST https://cloudresourcemanager.googleapis.com/v1/projects/lictr-62e53:testIamPermissions {"permissions":["firebase.projects.get"]}
[debug] [2025-04-06T16:50:17.519Z] No OAuth tokens found
[debug] [2025-04-06T16:50:17.519Z] No OAuth tokens found
[debug] [2025-04-06T16:50:17.519Z] > command requires scopes: ["email","openid","https://www.googleapis.com/auth/cloudplatformprojects.readonly","https://www.googleapis.com/auth/firebase","https://www.googleapis.com/auth/cloud-platform"]
[debug] [2025-04-06T16:50:17.519Z] > authorizing via signed-in user (rohansuryavanshi0017@gmail.com)
[debug] [2025-04-06T16:50:17.526Z] No OAuth tokens found
[debug] [2025-04-06T16:50:17.526Z] No OAuth tokens found
[debug] [2025-04-06T16:50:17.526Z] > command requires scopes: ["email","openid","https://www.googleapis.com/auth/cloudplatformprojects.readonly","https://www.googleapis.com/auth/firebase","https://www.googleapis.com/auth/cloud-platform"]
[debug] [2025-04-06T16:50:17.527Z] > authorizing via signed-in user (rohansuryavanshi0017@gmail.com)
[debug] [2025-04-06T16:50:17.527Z] >>> [apiv2][query] GET https://serviceusage.googleapis.com/v1/projects/lictr-62e53/services/cloudfunctions.googleapis.com [none]
[debug] [2025-04-06T16:50:17.527Z] >>> [apiv2][(partial)header] GET https://serviceusage.googleapis.com/v1/projects/lictr-62e53/services/cloudfunctions.googleapis.com x-goog-quota-user=projects/lictr-62e53
[debug] [2025-04-06T16:50:17.550Z] >>> [apiv2][query] GET https://serviceusage.googleapis.com/v1/projects/lictr-62e53/services/runtimeconfig.googleapis.com [none]
[debug] [2025-04-06T16:50:17.550Z] >>> [apiv2][(partial)header] GET https://serviceusage.googleapis.com/v1/projects/lictr-62e53/services/runtimeconfig.googleapis.com x-goog-quota-user=projects/lictr-62e53
[debug] [2025-04-06T16:50:18.736Z] <<< [apiv2][status] GET https://serviceusage.googleapis.com/v1/projects/lictr-62e53/services/runtimeconfig.googleapis.com 200
[debug] [2025-04-06T16:50:18.736Z] <<< [apiv2][body] GET https://serviceusage.googleapis.com/v1/projects/lictr-62e53/services/runtimeconfig.googleapis.com [omitted]
[debug] [2025-04-06T16:50:18.818Z] <<< [apiv2][status] GET https://serviceusage.googleapis.com/v1/projects/lictr-62e53/services/cloudfunctions.googleapis.com 200
[debug] [2025-04-06T16:50:18.818Z] <<< [apiv2][body] GET https://serviceusage.googleapis.com/v1/projects/lictr-62e53/services/cloudfunctions.googleapis.com [omitted]
[info] Let's create a new codebase for your functions.
[info] A directory corresponding to the codebase will be created in your project
[info] with sample code pre-configured.

[info] See https://firebase.google.com/docs/functions/organize-functions for
[info] more information on organizing your functions using codebases.

[info] Functions can be deployed with firebase deploy.

[info] i  functions/package.json is unchanged 
[info] i  functions/.eslintrc.js is unchanged 
[info] i  functions/tsconfig.json is unchanged 
[info] i  functions/tsconfig.dev.json is unchanged 
[info] i  functions/src/index.ts is unchanged 
[info] i  functions/.gitignore is unchanged 
[info] 
[info] i  genkit: Installing Genkit CLI version 1.5.0
 
[info] i  genkit: Installing NPM packages for genkit 
[info] ✔  genkit: Successfully installed NPM packages 
[info] i  genkit: Updating tsconfig.json 
[info] ✔  genkit: Successfully updated tsconfig.json 
[info] i  genkit: Updating package.json 
[info] ✔  genkit: Successfully updated package.json 
[info] i  genkit: Generating sample file 
[info] ✔  genkit: Successfully generated sample file (src/genkit-sample.ts) 
[info] 
Login to Google Cloud using:
[info]     gcloud auth application-default login --project undefined

[info] Then start the Genkit developer experience by running:
[info]     cd functions && npm run genkit:start
[info] 
=== Functions Setup
[debug] [2025-04-06T16:54:40.753Z] > command requires scopes: ["email","openid","https://www.googleapis.com/auth/cloudplatformprojects.readonly","https://www.googleapis.com/auth/firebase","https://www.googleapis.com/auth/cloud-platform"]
[debug] [2025-04-06T16:54:40.753Z] > authorizing via signed-in user (rohansuryavanshi0017@gmail.com)
[debug] [2025-04-06T16:54:40.753Z] [iam] checking project lictr-62e53 for permissions ["firebase.projects.get"]
[debug] [2025-04-06T16:54:40.755Z] No OAuth tokens found
[debug] [2025-04-06T16:54:40.755Z] No OAuth tokens found
[debug] [2025-04-06T16:54:40.755Z] > command requires scopes: ["email","openid","https://www.googleapis.com/auth/cloudplatformprojects.readonly","https://www.googleapis.com/auth/firebase","https://www.googleapis.com/auth/cloud-platform"]
[debug] [2025-04-06T16:54:40.770Z] > authorizing via signed-in user (rohansuryavanshi0017@gmail.com)
[debug] [2025-04-06T16:54:40.771Z] >>> [apiv2][query] POST https://cloudresourcemanager.googleapis.com/v1/projects/lictr-62e53:testIamPermissions [none]
[debug] [2025-04-06T16:54:40.787Z] >>> [apiv2][(partial)header] POST https://cloudresourcemanager.googleapis.com/v1/projects/lictr-62e53:testIamPermissions x-goog-quota-user=projects/lictr-62e53
[debug] [2025-04-06T16:54:40.787Z] >>> [apiv2][body] POST https://cloudresourcemanager.googleapis.com/v1/projects/lictr-62e53:testIamPermissions {"permissions":["firebase.projects.get"]}
[debug] [2025-04-06T16:54:41.623Z] <<< [apiv2][status] POST https://cloudresourcemanager.googleapis.com/v1/projects/lictr-62e53:testIamPermissions 200
[debug] [2025-04-06T16:54:41.626Z] <<< [apiv2][body] POST https://cloudresourcemanager.googleapis.com/v1/projects/lictr-62e53:testIamPermissions {"permissions":["firebase.projects.get"]}
[debug] [2025-04-06T16:54:41.630Z] No OAuth tokens found
[debug] [2025-04-06T16:54:41.634Z] No OAuth tokens found
[debug] [2025-04-06T16:54:41.636Z] > command requires scopes: ["email","openid","https://www.googleapis.com/auth/cloudplatformprojects.readonly","https://www.googleapis.com/auth/firebase","https://www.googleapis.com/auth/cloud-platform"]
[debug] [2025-04-06T16:54:41.640Z] > authorizing via signed-in user (rohansuryavanshi0017@gmail.com)
[debug] [2025-04-06T16:54:41.646Z] No OAuth tokens found
[debug] [2025-04-06T16:54:41.649Z] No OAuth tokens found
[debug] [2025-04-06T16:54:41.650Z] > command requires scopes: ["email","openid","https://www.googleapis.com/auth/cloudplatformprojects.readonly","https://www.googleapis.com/auth/firebase","https://www.googleapis.com/auth/cloud-platform"]
[debug] [2025-04-06T16:54:41.650Z] > authorizing via signed-in user (rohansuryavanshi0017@gmail.com)
[debug] [2025-04-06T16:54:41.651Z] >>> [apiv2][query] GET https://serviceusage.googleapis.com/v1/projects/lictr-62e53/services/cloudfunctions.googleapis.com [none]
[debug] [2025-04-06T16:54:41.651Z] >>> [apiv2][(partial)header] GET https://serviceusage.googleapis.com/v1/projects/lictr-62e53/services/cloudfunctions.googleapis.com x-goog-quota-user=projects/lictr-62e53
[debug] [2025-04-06T16:54:41.668Z] >>> [apiv2][query] GET https://serviceusage.googleapis.com/v1/projects/lictr-62e53/services/runtimeconfig.googleapis.com [none]
[debug] [2025-04-06T16:54:41.668Z] >>> [apiv2][(partial)header] GET https://serviceusage.googleapis.com/v1/projects/lictr-62e53/services/runtimeconfig.googleapis.com x-goog-quota-user=projects/lictr-62e53
[debug] [2025-04-06T16:54:42.801Z] <<< [apiv2][status] GET https://serviceusage.googleapis.com/v1/projects/lictr-62e53/services/runtimeconfig.googleapis.com 200
[debug] [2025-04-06T16:54:42.803Z] <<< [apiv2][body] GET https://serviceusage.googleapis.com/v1/projects/lictr-62e53/services/runtimeconfig.googleapis.com [omitted]
[debug] [2025-04-06T16:54:42.830Z] <<< [apiv2][status] GET https://serviceusage.googleapis.com/v1/projects/lictr-62e53/services/cloudfunctions.googleapis.com 200
[debug] [2025-04-06T16:54:42.831Z] <<< [apiv2][body] GET https://serviceusage.googleapis.com/v1/projects/lictr-62e53/services/cloudfunctions.googleapis.com [omitted]
[info] 
Detected existing codebase(s): default

[info] 
Overwriting codebase default...

[info] ✔  Wrote functions/package.json 
[info] i  functions/.eslintrc.js is unchanged 
[info] ✔  Wrote functions/tsconfig.json 
[info] i  functions/tsconfig.dev.json is unchanged 
[info] i  functions/src/index.ts is unchanged 
[info] i  functions/.gitignore is unchanged 
[info] 
=== Apphosting Setup
[debug] [2025-04-06T16:55:22.411Z] No OAuth tokens found
[debug] [2025-04-06T16:55:22.411Z] No OAuth tokens found
[debug] [2025-04-06T16:55:22.411Z] > command requires scopes: ["email","openid","https://www.googleapis.com/auth/cloudplatformprojects.readonly","https://www.googleapis.com/auth/firebase","https://www.googleapis.com/auth/cloud-platform"]
[debug] [2025-04-06T16:55:22.421Z] > authorizing via signed-in user (rohansuryavanshi0017@gmail.com)
[debug] [2025-04-06T16:55:22.424Z] >>> [apiv2][query] GET https://cloudbilling.googleapis.com/v1/projects/lictr-62e53/billingInfo [none]
[debug] [2025-04-06T16:55:23.499Z] <<< [apiv2][status] GET https://cloudbilling.googleapis.com/v1/projects/lictr-62e53/billingInfo 200
[debug] [2025-04-06T16:55:23.500Z] <<< [apiv2][body] GET https://cloudbilling.googleapis.com/v1/projects/lictr-62e53/billingInfo {"name":"projects/lictr-62e53/billingInfo","projectId":"lictr-62e53","billingAccountName":"","billingEnabled":false}
[info] i  Writing default settings to apphosting.yaml... 
[info] i  apphosting.yaml is unchanged 
[info] ✔  Create a new App Hosting backend with `firebase apphosting:backends:create` 
[info] 
=== Hosting Setup
[debug] [2025-04-06T16:55:23.524Z] No OAuth tokens found
[debug] [2025-04-06T16:55:23.529Z] No OAuth tokens found
[debug] [2025-04-06T16:55:23.529Z] > command requires scopes: ["email","openid","https://www.googleapis.com/auth/cloudplatformprojects.readonly","https://www.googleapis.com/auth/firebase","https://www.googleapis.com/auth/cloud-platform"]
[debug] [2025-04-06T16:55:23.529Z] > authorizing via signed-in user (rohansuryavanshi0017@gmail.com)
[debug] [2025-04-06T16:55:23.529Z] >>> [apiv2][query] GET https://firebase.googleapis.com/v1beta1/projects/lictr-62e53 [none]
[debug] [2025-04-06T16:55:23.845Z] <<< [apiv2][status] GET https://firebase.googleapis.com/v1beta1/projects/lictr-62e53 200
[debug] [2025-04-06T16:55:23.848Z] <<< [apiv2][body] GET https://firebase.googleapis.com/v1beta1/projects/lictr-62e53 {"projectId":"lictr-62e53","projectNumber":"339735798697","displayName":"LICTR","name":"projects/lictr-62e53","resources":{"hostingSite":"lictr-62e53"},"state":"ACTIVE","etag":"1_46d330ee-f198-41bb-b23c-2b66feccfb08"}
[info] 
[info] Your public directory is the folder (relative to your project directory) that
[info] will contain Hosting assets to be uploaded with firebase deploy. If you
[info] have a build process for your assets, use your build's output directory.
[info] 
[debug] [2025-04-06T16:55:35.003Z] >>> [apiv2][query] GET https://www.gstatic.com/firebasejs/releases.json [none]
[debug] [2025-04-06T16:55:35.083Z] <<< [apiv2][status] GET https://www.gstatic.com/firebasejs/releases.json 200
[debug] [2025-04-06T16:55:35.094Z] <<< [apiv2][body] GET https://www.gstatic.com/firebasejs/releases.json {"current":{"version":"11.6.0","browserURL":"https://www.gstatic.com/firebasejs/11.6.0/firebase.js","packageURL":"https://www.gstatic.com/firebasejs/11.6.0/firebase.tgz"},"live":{"version":"11.6","browserURL":"https://www.gstatic.com/firebasejs/live/11.6/firebase.js","packageURL":"https://www.gstatic.com/firebasejs/live/11.6/firebase.tgz"},"components":{"analytics":"https://www.gstatic.com/firebasejs/11.6.0/firebase-analytics.js","app":"https://www.gstatic.com/firebasejs/11.6.0/firebase-app.js","app-check":"https://www.gstatic.com/firebasejs/11.6.0/firebase-app-check.js","auth":"https://www.gstatic.com/firebasejs/11.6.0/firebase-auth.js","auth/cordova":"https://www.gstatic.com/firebasejs/11.6.0/firebase-auth/cordova.js","auth/web-extension":"https://www.gstatic.com/firebasejs/11.6.0/firebase-auth/web-extension.js","functions":"https://www.gstatic.com/firebasejs/11.6.0/firebase-functions.js","firestore":"https://www.gstatic.com/firebasejs/11.6.0/firebase-firestore.js","firestore/lite":"https://www.gstatic.com/firebasejs/11.6.0/firebase-firestore/lite.js","installations":"https://www.gstatic.com/firebasejs/11.6.0/firebase-installations.js","storage":"https://www.gstatic.com/firebasejs/11.6.0/firebase-storage.js","performance":"https://www.gstatic.com/firebasejs/11.6.0/firebase-performance.js","remote-config":"https://www.gstatic.com/firebasejs/11.6.0/firebase-remote-config.js","messaging":"https://www.gstatic.com/firebasejs/11.6.0/firebase-messaging.js","messaging/sw":"https://www.gstatic.com/firebasejs/11.6.0/firebase-messaging/sw.js","database":"https://www.gstatic.com/firebasejs/11.6.0/firebase-database.js","vertexai":"https://www.gstatic.com/firebasejs/11.6.0/firebase-vertexai.js","data-connect":"https://www.gstatic.com/firebasejs/11.6.0/firebase-data-connect.js","firestore.memory":"https://www.gstatic.com/firebasejs/11.6.0/firebase-firestore.memory.js"}}
[info] i  public/index.html is unchanged 
[info] 
[info] i  Detected a .git folder at /home/user/lictr 
[info] i  Authorizing with GitHub to upload your service account to a GitHub repository's secrets store. 
[info] 
[info] Visit this URL on this device to log in:
[info] https://github.com/login/oauth/authorize?client_id=89cf50f02ac6aaed3484&state=679002056&redirect_uri=http%3A%2F%2Flocalhost%3A9005&scope=read%3Auser%20repo%20public_repo
[info] 
[info] Waiting for authentication...
